# JRE version: OpenJDK Runtime Environment Microsoft-8035246 (17.0.8+7) (build 17.0.8+7-LTS)
# Java VM: OpenJDK 64-Bit Server VM Microsoft-8035246 (17.0.8+7-LTS, mixed mode, tiered, compressed oops, compressed class ptrs, g1 gc, windows-amd64)
GC Precious Log:
 CPUs: 12 total, 12 available
 Memory: 12011M
 Large Page Support: Disabled
 NUMA Support: Disabled
 Compressed Oops: Enabled (Zero based)
 Heap Region Size: 32M
 Heap Min Capacity: 32M
 Heap Initial Capacity: 192M
 Heap Max Capacity: 8032M
 Pre-touch: Disabled
 Parallel Workers: 10
 Concurrent Workers: 3
 Concurrent Refinement Workers: 10
 Periodic GC: Disabled
Heap:
 garbage-first heap   total 8224768K, used 3782699K [0x000000060a000000, 0x0000000800000000)
  region size 32768K, 7 young (229376K), 2 survivors (65536K)
 Metaspace       used 540746K, committed 543616K, reserved 1507328K
  class space    used 99389K, committed 100672K, reserved 1048576K
GC Heap History (20 events):
Event: 12632.927 GC heap before
{Heap before GC invocations=658 (full 0):
 garbage-first heap   total 8224768K, used 5232192K [0x000000060a000000, 0x0000000800000000)
  region size 32768K, 50 young (1638400K), 1 survivors (32768K)
 Metaspace       used 540722K, committed 543616K, reserved 1507328K
  class space    used 99388K, committed 100672K, reserved 1048576K
}
Event: 12633.014 GC heap after
{Heap after GC invocations=659 (full 0):
 garbage-first heap   total 8224768K, used 3621611K [0x000000060a000000, 0x0000000800000000)
  region size 32768K, 1 young (32768K), 1 survivors (32768K)
 Metaspace       used 540722K, committed 543616K, reserved 1507328K
  class space    used 99388K, committed 100672K, reserved 1048576K
}
Event: 12647.605 GC heap before
{Heap before GC invocations=659 (full 0):
 garbage-first heap   total 8224768K, used 5227243K [0x000000060a000000, 0x0000000800000000)
  region size 32768K, 50 young (1638400K), 1 survivors (32768K)
 Metaspace       used 540722K, committed 543616K, reserved 1507328K
  class space    used 99388K, committed 100672K, reserved 1048576K
}
Event: 12647.677 GC heap after
{Heap after GC invocations=660 (full 0):
 garbage-first heap   total 8224768K, used 3611588K [0x000000060a000000, 0x0000000800000000)
  region size 32768K, 1 young (32768K), 1 survivors (32768K)
 Metaspace       used 540722K, committed 543616K, reserved 1507328K
  class space    used 99388K, committed 100672K, reserved 1048576K
}
Event: 12673.604 GC heap before
{Heap before GC invocations=660 (full 0):
 garbage-first heap   total 8224768K, used 6462404K [0x000000060a000000, 0x0000000800000000)
  region size 32768K, 88 young (2883584K), 1 survivors (32768K)
 Metaspace       used 540722K, committed 543616K, reserved 1507328K
  class space    used 99388K, committed 100672K, reserved 1048576K
}
Event: 12673.637 GC heap after
{Heap after GC invocations=661 (full 0):
 garbage-first heap   total 8224768K, used 3612750K [0x000000060a000000, 0x0000000800000000)
  region size 32768K, 1 young (32768K), 1 survivors (32768K)
 Metaspace       used 540722K, committed 543616K, reserved 1507328K
  class space    used 99388K, committed 100672K, reserved 1048576K
}
Event: 12703.802 GC heap before
{Heap before GC invocations=661 (full 0):
 garbage-first heap   total 8224768K, used 6463566K [0x000000060a000000, 0x0000000800000000)
  region size 32768K, 88 young (2883584K), 1 survivors (32768K)
 Metaspace       used 540722K, committed 543616K, reserved 1507328K
  class space    used 99388K, committed 100672K, reserved 1048576K
}
Event: 12703.837 GC heap after
{Heap after GC invocations=662 (full 0):
 garbage-first heap   total 8224768K, used 3612965K [0x000000060a000000, 0x0000000800000000)
  region size 32768K, 1 young (32768K), 1 survivors (32768K)
 Metaspace       used 540722K, committed 543616K, reserved 1507328K
  class space    used 99388K, committed 100672K, reserved 1048576K
}
Event: 12732.756 GC heap before
{Heap before GC invocations=662 (full 0):
 garbage-first heap   total 8224768K, used 6463781K [0x000000060a000000, 0x0000000800000000)
  region size 32768K, 88 young (2883584K), 1 survivors (32768K)
 Metaspace       used 540722K, committed 543616K, reserved 1507328K
  class space    used 99388K, committed 100672K, reserved 1048576K
}
Event: 12732.763 GC heap after
{Heap after GC invocations=663 (full 0):
 garbage-first heap   total 8224768K, used 3612994K [0x000000060a000000, 0x0000000800000000)
  region size 32768K, 1 young (32768K), 1 survivors (32768K)
 Metaspace       used 540722K, committed 543616K, reserved 1507328K
  class space    used 99388K, committed 100672K, reserved 1048576K
}
Event: 12759.247 GC heap before
{Heap before GC invocations=664 (full 0):
 garbage-first heap   total 8224768K, used 6463810K [0x000000060a000000, 0x0000000800000000)
  region size 32768K, 88 young (2883584K), 1 survivors (32768K)
 Metaspace       used 540722K, committed 543616K, reserved 1507328K
  class space    used 99388K, committed 100672K, reserved 1048576K
}
Event: 12759.281 GC heap after
{Heap after GC invocations=665 (full 0):
 garbage-first heap   total 8224768K, used 3613076K [0x000000060a000000, 0x0000000800000000)
  region size 32768K, 1 young (32768K), 1 survivors (32768K)
 Metaspace       used 540722K, committed 543616K, reserved 1507328K
  class space    used 99388K, committed 100672K, reserved 1048576K
}
Event: 12775.428 GC heap before
{Heap before GC invocations=665 (full 0):
 garbage-first heap   total 8224768K, used 5218708K [0x000000060a000000, 0x0000000800000000)
  region size 32768K, 50 young (1638400K), 1 survivors (32768K)
 Metaspace       used 540722K, committed 543616K, reserved 1507328K
  class space    used 99388K, committed 100672K, reserved 1048576K
}
Event: 12775.505 GC heap after
{Heap after GC invocations=666 (full 0):
 garbage-first heap   total 8224768K, used 3607112K [0x000000060a000000, 0x0000000800000000)
  region size 32768K, 1 young (32768K), 1 survivors (32768K)
 Metaspace       used 540722K, committed 543616K, reserved 1507328K
  class space    used 99388K, committed 100672K, reserved 1048576K
}
Event: 12792.947 GC heap before
{Heap before GC invocations=666 (full 0):
 garbage-first heap   total 8224768K, used 5212744K [0x000000060a000000, 0x0000000800000000)
  region size 32768K, 50 young (1638400K), 1 survivors (32768K)
 Metaspace       used 540722K, committed 543616K, reserved 1507328K
  class space    used 99388K, committed 100672K, reserved 1048576K
}
Event: 12792.968 GC heap after
{Heap after GC invocations=667 (full 0):
 garbage-first heap   total 8224768K, used 3601679K [0x000000060a000000, 0x0000000800000000)
  region size 32768K, 1 young (32768K), 1 survivors (32768K)
 Metaspace       used 540722K, committed 543616K, reserved 1507328K
  class space    used 99388K, committed 100672K, reserved 1048576K
}
Event: 14461.151 GC heap before
{Heap before GC invocations=667 (full 0):
 garbage-first heap   total 8224768K, used 6485263K [0x000000060a000000, 0x0000000800000000)
  region size 32768K, 89 young (2916352K), 1 survivors (32768K)
 Metaspace       used 540730K, committed 543616K, reserved 1507328K
  class space    used 99388K, committed 100672K, reserved 1048576K
}
Event: 14461.252 GC heap after
{Heap after GC invocations=668 (full 0):
 garbage-first heap   total 8224768K, used 3627600K [0x000000060a000000, 0x0000000800000000)
  region size 32768K, 1 young (32768K), 1 survivors (32768K)
 Metaspace       used 540730K, committed 543616K, reserved 1507328K
  class space    used 99388K, committed 100672K, reserved 1048576K
}
Event: 15565.880 GC heap before
{Heap before GC invocations=668 (full 0):
 garbage-first heap   total 8224768K, used 6511184K [0x000000060a000000, 0x0000000800000000)
  region size 32768K, 89 young (2916352K), 1 survivors (32768K)
 Metaspace       used 540744K, committed 543616K, reserved 1507328K
  class space    used 99389K, committed 100672K, reserved 1048576K
}
Event: 15566.221 GC heap after
{Heap after GC invocations=669 (full 0):
 garbage-first heap   total 8224768K, used 3651627K [0x000000060a000000, 0x0000000800000000)
  region size 32768K, 2 young (65536K), 2 survivors (65536K)
 Metaspace       used 540744K, committed 543616K, reserved 1507328K
  class space    used 99389K, committed 100672K, reserved 1048576K
}

