# JRE version: OpenJDK Runtime Environment Microsoft-8035246 (17.0.8+7) (build 17.0.8+7-LTS)
# Java VM: OpenJDK 64-Bit Server VM Microsoft-8035246 (17.0.8+7-LTS, mixed mode, tiered, compressed oops, compressed class ptrs, g1 gc, windows-amd64)
GC Precious Log:
 CPUs: 12 total, 12 available
 Memory: 12011M
 Large Page Support: Disabled
 NUMA Support: Disabled
 Compressed Oops: Enabled (Zero based)
 Heap Region Size: 32M
 Heap Min Capacity: 32M
 Heap Initial Capacity: 192M
 Heap Max Capacity: 9728M
 Pre-touch: Disabled
 Parallel Workers: 10
 Concurrent Workers: 3
 Concurrent Refinement Workers: 10
 Periodic GC: Disabled
Heap:
 garbage-first heap   total 7045120K, used 3696307K [0x00000005a0000000, 0x0000000800000000)
  region size 32768K, 14 young (458752K), 6 survivors (196608K)
 Metaspace       used 511832K, committed 514944K, reserved 1507328K
  class space    used 96828K, committed 98240K, reserved 1048576K
GC Heap History (20 events):
Event: 264.152 GC heap before
{Heap before GC invocations=141 (full 0):
 garbage-first heap   total 5963776K, used 3896654K [0x00000005a0000000, 0x0000000800000000)
  region size 32768K, 36 young (1179648K), 4 survivors (131072K)
 Metaspace       used 491877K, committed 494912K, reserved 1507328K
  class space    used 94015K, committed 95360K, reserved 1048576K
}
Event: 264.261 GC heap after
{Heap after GC invocations=142 (full 0):
 garbage-first heap   total 5963776K, used 2892744K [0x00000005a0000000, 0x0000000800000000)
  region size 32768K, 4 young (131072K), 4 survivors (131072K)
 Metaspace       used 491877K, committed 494912K, reserved 1507328K
  class space    used 94015K, committed 95360K, reserved 1048576K
}
Event: 271.679 GC heap before
{Heap before GC invocations=142 (full 0):
 garbage-first heap   total 5963776K, used 3941320K [0x00000005a0000000, 0x0000000800000000)
  region size 32768K, 36 young (1179648K), 4 survivors (131072K)
 Metaspace       used 495866K, committed 498816K, reserved 1507328K
  class space    used 94572K, committed 95872K, reserved 1048576K
}
Event: 272.278 GC heap after
{Heap after GC invocations=143 (full 0):
 garbage-first heap   total 5963776K, used 3063710K [0x00000005a0000000, 0x0000000800000000)
  region size 32768K, 5 young (163840K), 5 survivors (163840K)
 Metaspace       used 495866K, committed 498816K, reserved 1507328K
  class space    used 94572K, committed 95872K, reserved 1048576K
}
Event: 282.463 GC heap before
{Heap before GC invocations=143 (full 0):
 garbage-first heap   total 5963776K, used 4046750K [0x00000005a0000000, 0x0000000800000000)
  region size 32768K, 36 young (1179648K), 5 survivors (163840K)
 Metaspace       used 495991K, committed 498944K, reserved 1507328K
  class space    used 94603K, committed 95936K, reserved 1048576K
}
Event: 283.511 GC heap after
{Heap after GC invocations=144 (full 0):
 garbage-first heap   total 5963776K, used 3144150K [0x00000005a0000000, 0x0000000800000000)
  region size 32768K, 4 young (131072K), 4 survivors (131072K)
 Metaspace       used 495991K, committed 498944K, reserved 1507328K
  class space    used 94603K, committed 95936K, reserved 1048576K
}
Event: 295.131 GC heap before
{Heap before GC invocations=145 (full 0):
 garbage-first heap   total 5963776K, used 4192726K [0x00000005a0000000, 0x0000000800000000)
  region size 32768K, 36 young (1179648K), 4 survivors (131072K)
 Metaspace       used 497326K, committed 500288K, reserved 1507328K
  class space    used 94774K, committed 96128K, reserved 1048576K
}
Event: 295.176 GC heap after
{Heap after GC invocations=146 (full 0):
 garbage-first heap   total 5963776K, used 3128833K [0x00000005a0000000, 0x0000000800000000)
  region size 32768K, 1 young (32768K), 1 survivors (32768K)
 Metaspace       used 497326K, committed 500288K, reserved 1507328K
  class space    used 94774K, committed 96128K, reserved 1048576K
}
Event: 304.608 GC heap before
{Heap before GC invocations=146 (full 0):
 garbage-first heap   total 5963776K, used 4275713K [0x00000005a0000000, 0x0000000800000000)
  region size 32768K, 36 young (1179648K), 1 survivors (32768K)
 Metaspace       used 499184K, committed 502144K, reserved 1507328K
  class space    used 95100K, committed 96448K, reserved 1048576K
}
Event: 304.758 GC heap after
{Heap after GC invocations=147 (full 0):
 garbage-first heap   total 5963776K, used 3175329K [0x00000005a0000000, 0x0000000800000000)
  region size 32768K, 3 young (98304K), 3 survivors (98304K)
 Metaspace       used 499184K, committed 502144K, reserved 1507328K
  class space    used 95100K, committed 96448K, reserved 1048576K
}
Event: 312.514 GC heap before
{Heap before GC invocations=147 (full 0):
 garbage-first heap   total 5963776K, used 4223905K [0x00000005a0000000, 0x0000000800000000)
  region size 32768K, 36 young (1179648K), 3 survivors (98304K)
 Metaspace       used 501075K, committed 504064K, reserved 1507328K
  class space    used 95366K, committed 96704K, reserved 1048576K
}
Event: 312.698 GC heap after
{Heap after GC invocations=148 (full 0):
 garbage-first heap   total 5963776K, used 3281914K [0x00000005a0000000, 0x0000000800000000)
  region size 32768K, 5 young (163840K), 5 survivors (163840K)
 Metaspace       used 501075K, committed 504064K, reserved 1507328K
  class space    used 95366K, committed 96704K, reserved 1048576K
}
Event: 323.780 GC heap before
{Heap before GC invocations=148 (full 0):
 garbage-first heap   total 5963776K, used 4297722K [0x00000005a0000000, 0x0000000800000000)
  region size 32768K, 36 young (1179648K), 5 survivors (163840K)
 Metaspace       used 503194K, committed 506176K, reserved 1507328K
  class space    used 95624K, committed 96960K, reserved 1048576K
}
Event: 324.032 GC heap after
{Heap after GC invocations=149 (full 0):
 garbage-first heap   total 5963776K, used 3329060K [0x00000005a0000000, 0x0000000800000000)
  region size 32768K, 3 young (98304K), 3 survivors (98304K)
 Metaspace       used 503194K, committed 506176K, reserved 1507328K
  class space    used 95624K, committed 96960K, reserved 1048576K
}
Event: 329.008 GC heap before
{Heap before GC invocations=149 (full 0):
 garbage-first heap   total 5963776K, used 4410404K [0x00000005a0000000, 0x0000000800000000)
  region size 32768K, 36 young (1179648K), 3 survivors (98304K)
 Metaspace       used 503644K, committed 506624K, reserved 1507328K
  class space    used 95672K, committed 97024K, reserved 1048576K
}
Event: 329.059 GC heap after
{Heap after GC invocations=150 (full 0):
 garbage-first heap   total 5963776K, used 3355296K [0x00000005a0000000, 0x0000000800000000)
  region size 32768K, 3 young (98304K), 3 survivors (98304K)
 Metaspace       used 503644K, committed 506624K, reserved 1507328K
  class space    used 95672K, committed 97024K, reserved 1048576K
}
Event: 340.341 GC heap before
{Heap before GC invocations=151 (full 0):
 garbage-first heap   total 7045120K, used 4436640K [0x00000005a0000000, 0x0000000800000000)
  region size 32768K, 36 young (1179648K), 3 survivors (98304K)
 Metaspace       used 505362K, committed 508416K, reserved 1507328K
  class space    used 95963K, committed 97344K, reserved 1048576K
}
Event: 340.555 GC heap after
{Heap after GC invocations=152 (full 0):
 garbage-first heap   total 7045120K, used 3399912K [0x00000005a0000000, 0x0000000800000000)
  region size 32768K, 3 young (98304K), 3 survivors (98304K)
 Metaspace       used 505362K, committed 508416K, reserved 1507328K
  class space    used 95963K, committed 97344K, reserved 1048576K
}
Event: 356.272 GC heap before
{Heap before GC invocations=152 (full 0):
 garbage-first heap   total 7045120K, used 4677864K [0x00000005a0000000, 0x0000000800000000)
  region size 32768K, 43 young (1409024K), 3 survivors (98304K)
 Metaspace       used 510562K, committed 513600K, reserved 1507328K
  class space    used 96695K, committed 98048K, reserved 1048576K
}
Event: 356.432 GC heap after
{Heap after GC invocations=153 (full 0):
 garbage-first heap   total 7045120K, used 3466931K [0x00000005a0000000, 0x0000000800000000)
  region size 32768K, 6 young (196608K), 6 survivors (196608K)
 Metaspace       used 510562K, committed 513600K, reserved 1507328K
  class space    used 96695K, committed 98048K, reserved 1048576K
}

