# JRE version: OpenJDK Runtime Environment Microsoft-8035246 (17.0.8+7) (build 17.0.8+7-LTS)
# Java VM: OpenJDK 64-Bit Server VM Microsoft-8035246 (17.0.8+7-LTS, mixed mode, tiered, compressed oops, compressed class ptrs, g1 gc, windows-amd64)
GC Precious Log:
 CPUs: 12 total, 12 available
 Memory: 12011M
 Large Page Support: Disabled
 NUMA Support: Disabled
 Compressed Oops: Enabled (Zero based)
 Heap Region Size: 32M
 Heap Min Capacity: 32M
 Heap Initial Capacity: 192M
 Heap Max Capacity: 9728M
 Pre-touch: Disabled
 Parallel Workers: 10
 Concurrent Workers: 3
 Concurrent Refinement Workers: 10
 Periodic GC: Disabled
Heap:
 garbage-first heap   total 6356992K, used 5234052K [0x00000005a0000000, 0x0000000800000000)
  region size 32768K, 30 young (983040K), 3 survivors (98304K)
 Metaspace       used 501878K, committed 504832K, reserved 1507328K
  class space    used 95367K, committed 96704K, reserved 1048576K
GC Heap History (20 events):
Event: 171.282 GC heap before
{Heap before GC invocations=142 (full 0):
 garbage-first heap   total 6193152K, used 4852435K [0x00000005a0000000, 0x0000000800000000)
  region size 32768K, 37 young (1212416K), 2 survivors (65536K)
 Metaspace       used 452730K, committed 455424K, reserved 1441792K
  class space    used 88204K, committed 89408K, reserved 1048576K
}
Event: 171.337 GC heap after
{Heap after GC invocations=143 (full 0):
 garbage-first heap   total 6193152K, used 3727700K [0x00000005a0000000, 0x0000000800000000)
  region size 32768K, 3 young (98304K), 3 survivors (98304K)
 Metaspace       used 452730K, committed 455424K, reserved 1441792K
  class space    used 88204K, committed 89408K, reserved 1048576K
}
Event: 197.607 GC heap before
{Heap before GC invocations=143 (full 0):
 garbage-first heap   total 6193152K, used 4809044K [0x00000005a0000000, 0x0000000800000000)
  region size 32768K, 37 young (1212416K), 3 survivors (98304K)
 Metaspace       used 466386K, committed 469120K, reserved 1441792K
  class space    used 90164K, committed 91392K, reserved 1048576K
}
Event: 197.691 GC heap after
{Heap after GC invocations=144 (full 0):
 garbage-first heap   total 6193152K, used 3815557K [0x00000005a0000000, 0x0000000800000000)
  region size 32768K, 5 young (163840K), 5 survivors (163840K)
 Metaspace       used 466386K, committed 469120K, reserved 1441792K
  class space    used 90164K, committed 91392K, reserved 1048576K
}
Event: 202.043 GC heap before
{Heap before GC invocations=144 (full 0):
 garbage-first heap   total 6193152K, used 4864133K [0x00000005a0000000, 0x0000000800000000)
  region size 32768K, 37 young (1212416K), 5 survivors (163840K)
 Metaspace       used 479848K, committed 482752K, reserved 1441792K
  class space    used 92029K, committed 93312K, reserved 1048576K
}
Event: 202.168 GC heap after
{Heap after GC invocations=145 (full 0):
 garbage-first heap   total 6193152K, used 3900975K [0x00000005a0000000, 0x0000000800000000)
  region size 32768K, 3 young (98304K), 3 survivors (98304K)
 Metaspace       used 479848K, committed 482752K, reserved 1441792K
  class space    used 92029K, committed 93312K, reserved 1048576K
}
Event: 208.162 GC heap before
{Heap before GC invocations=145 (full 0):
 garbage-first heap   total 6193152K, used 5015087K [0x00000005a0000000, 0x0000000800000000)
  region size 32768K, 37 young (1212416K), 3 survivors (98304K)
 Metaspace       used 488085K, committed 491008K, reserved 1507328K
  class space    used 93426K, committed 94720K, reserved 1048576K
}
Event: 208.222 GC heap after
{Heap after GC invocations=146 (full 0):
 garbage-first heap   total 6193152K, used 3960615K [0x00000005a0000000, 0x0000000800000000)
  region size 32768K, 5 young (163840K), 5 survivors (163840K)
 Metaspace       used 488085K, committed 491008K, reserved 1507328K
  class space    used 93426K, committed 94720K, reserved 1048576K
}
Event: 209.044 GC heap before
{Heap before GC invocations=146 (full 0):
 garbage-first heap   total 6193152K, used 4976423K [0x00000005a0000000, 0x0000000800000000)
  region size 32768K, 37 young (1212416K), 5 survivors (163840K)
 Metaspace       used 491129K, committed 494016K, reserved 1507328K
  class space    used 93966K, committed 95232K, reserved 1048576K
}
Event: 209.139 GC heap after
{Heap after GC invocations=147 (full 0):
 garbage-first heap   total 6193152K, used 4007415K [0x00000005a0000000, 0x0000000800000000)
  region size 32768K, 4 young (131072K), 4 survivors (131072K)
 Metaspace       used 491129K, committed 494016K, reserved 1507328K
  class space    used 93966K, committed 95232K, reserved 1048576K
}
Event: 210.018 GC heap before
{Heap before GC invocations=147 (full 0):
 garbage-first heap   total 6193152K, used 5088759K [0x00000005a0000000, 0x0000000800000000)
  region size 32768K, 37 young (1212416K), 4 survivors (131072K)
 Metaspace       used 492560K, committed 495488K, reserved 1507328K
  class space    used 94144K, committed 95424K, reserved 1048576K
}
Event: 210.088 GC heap after
{Heap after GC invocations=148 (full 0):
 garbage-first heap   total 6356992K, used 4032201K [0x00000005a0000000, 0x0000000800000000)
  region size 32768K, 3 young (98304K), 3 survivors (98304K)
 Metaspace       used 492560K, committed 495488K, reserved 1507328K
  class space    used 94144K, committed 95424K, reserved 1048576K
}
Event: 211.364 GC heap before
{Heap before GC invocations=148 (full 0):
 garbage-first heap   total 6356992K, used 5179081K [0x00000005a0000000, 0x0000000800000000)
  region size 32768K, 38 young (1245184K), 3 survivors (98304K)
 Metaspace       used 493344K, committed 496256K, reserved 1507328K
  class space    used 94243K, committed 95552K, reserved 1048576K
}
Event: 211.405 GC heap after
{Heap after GC invocations=149 (full 0):
 garbage-first heap   total 6356992K, used 4093936K [0x00000005a0000000, 0x0000000800000000)
  region size 32768K, 5 young (163840K), 5 survivors (163840K)
 Metaspace       used 493344K, committed 496256K, reserved 1507328K
  class space    used 94243K, committed 95552K, reserved 1048576K
}
Event: 213.273 GC heap before
{Heap before GC invocations=149 (full 0):
 garbage-first heap   total 6356992K, used 5175280K [0x00000005a0000000, 0x0000000800000000)
  region size 32768K, 38 young (1245184K), 5 survivors (163840K)
 Metaspace       used 495327K, committed 498304K, reserved 1507328K
  class space    used 94452K, committed 95744K, reserved 1048576K
}
Event: 213.328 GC heap after
{Heap after GC invocations=150 (full 0):
 garbage-first heap   total 6356992K, used 4140548K [0x00000005a0000000, 0x0000000800000000)
  region size 32768K, 4 young (131072K), 4 survivors (131072K)
 Metaspace       used 495327K, committed 498304K, reserved 1507328K
  class space    used 94452K, committed 95744K, reserved 1048576K
}
Event: 216.100 GC heap before
{Heap before GC invocations=150 (full 0):
 garbage-first heap   total 6356992K, used 5254660K [0x00000005a0000000, 0x0000000800000000)
  region size 32768K, 38 young (1245184K), 4 survivors (131072K)
 Metaspace       used 499312K, committed 502272K, reserved 1507328K
  class space    used 95018K, committed 96320K, reserved 1048576K
}
Event: 216.256 GC heap after
{Heap after GC invocations=151 (full 0):
 garbage-first heap   total 6356992K, used 4414921K [0x00000005a0000000, 0x0000000800000000)
  region size 32768K, 5 young (163840K), 5 survivors (163840K)
 Metaspace       used 499312K, committed 502272K, reserved 1507328K
  class space    used 95018K, committed 96320K, reserved 1048576K
}
Event: 219.221 GC heap before
{Heap before GC invocations=151 (full 0):
 garbage-first heap   total 6356992K, used 5496265K [0x00000005a0000000, 0x0000000800000000)
  region size 32768K, 38 young (1245184K), 5 survivors (163840K)
 Metaspace       used 500932K, committed 503936K, reserved 1507328K
  class space    used 95207K, committed 96576K, reserved 1048576K
}
Event: 219.296 GC heap after
{Heap after GC invocations=152 (full 0):
 garbage-first heap   total 6356992K, used 4480388K [0x00000005a0000000, 0x0000000800000000)
  region size 32768K, 3 young (98304K), 3 survivors (98304K)
 Metaspace       used 500932K, committed 503936K, reserved 1507328K
  class space    used 95207K, committed 96576K, reserved 1048576K
}

